{"/Users/vmccrady/Documents/MultiverseClass/GamerPoints/GamerPointsApp/web/src/Routes.tsx": {"path":"/Users/vmccrady/Documents/MultiverseClass/GamerPoints/GamerPointsApp/web/src/Routes.tsx","statementMap":{"0":{"start":{"line":15,"column":15},"end":{"line":37,"column":1}},"1":{"start":{"line":16,"column":2},"end":{"line":36,"column":3}}},"fnMap":{"0":{"name":"(anonymous_0)","decl":{"start":{"line":15,"column":15},"end":{"line":15,"column":16}},"loc":{"start":{"line":15,"column":21},"end":{"line":37,"column":1}},"line":15}},"branchMap":{},"s":{"0":0,"1":0},"f":{"0":0},"b":{}}
,"/Users/vmccrady/Documents/MultiverseClass/GamerPoints/GamerPointsApp/web/src/components/Task/NewBonusTask/NewBonusTask.tsx": {"path":"/Users/vmccrady/Documents/MultiverseClass/GamerPoints/GamerPointsApp/web/src/components/Task/NewBonusTask/NewBonusTask.tsx","statementMap":{"0":{"start":{"line":9,"column":29},"end":{"line":15,"column":1}},"1":{"start":{"line":17,"column":21},"end":{"line":43,"column":1}},"2":{"start":{"line":19,"column":43},"end":{"line":27,"column":4}},"3":{"start":{"line":21,"column":6},"end":{"line":21,"column":41}},"4":{"start":{"line":22,"column":6},"end":{"line":22,"column":30}},"5":{"start":{"line":25,"column":6},"end":{"line":25,"column":32}},"6":{"start":{"line":29,"column":17},"end":{"line":31,"column":3}},"7":{"start":{"line":30,"column":4},"end":{"line":30,"column":40}},"8":{"start":{"line":33,"column":2},"end":{"line":42,"column":3}}},"fnMap":{"0":{"name":"(anonymous_0)","decl":{"start":{"line":17,"column":21},"end":{"line":17,"column":22}},"loc":{"start":{"line":17,"column":27},"end":{"line":43,"column":1}},"line":17},"1":{"name":"(anonymous_1)","decl":{"start":{"line":20,"column":17},"end":{"line":20,"column":18}},"loc":{"start":{"line":20,"column":23},"end":{"line":23,"column":5}},"line":20},"2":{"name":"(anonymous_2)","decl":{"start":{"line":24,"column":13},"end":{"line":24,"column":14}},"loc":{"start":{"line":24,"column":24},"end":{"line":26,"column":5}},"line":24},"3":{"name":"(anonymous_3)","decl":{"start":{"line":29,"column":17},"end":{"line":29,"column":18}},"loc":{"start":{"line":29,"column":45},"end":{"line":31,"column":3}},"line":29}},"branchMap":{},"s":{"0":0,"1":0,"2":0,"3":0,"4":0,"5":0,"6":0,"7":0,"8":0},"f":{"0":0,"1":0,"2":0,"3":0},"b":{}}
,"/Users/vmccrady/Documents/MultiverseClass/GamerPoints/GamerPointsApp/web/src/pages/NewTasksPage/NewTasksPage.tsx": {"path":"/Users/vmccrady/Documents/MultiverseClass/GamerPoints/GamerPointsApp/web/src/pages/NewTasksPage/NewTasksPage.tsx","statementMap":{"0":{"start":{"line":4,"column":21},"end":{"line":19,"column":1}},"1":{"start":{"line":5,"column":2},"end":{"line":18,"column":3}}},"fnMap":{"0":{"name":"(anonymous_0)","decl":{"start":{"line":4,"column":21},"end":{"line":4,"column":22}},"loc":{"start":{"line":4,"column":27},"end":{"line":19,"column":1}},"line":4}},"branchMap":{},"s":{"0":0,"1":0},"f":{"0":0},"b":{}}
,"/Users/vmccrady/Documents/MultiverseClass/GamerPoints/GamerPointsApp/web/src/pages/Task/NewBonusTaskPage/NewBonusTaskPage.stories.tsx": {"path":"/Users/vmccrady/Documents/MultiverseClass/GamerPoints/GamerPointsApp/web/src/pages/Task/NewBonusTaskPage/NewBonusTaskPage.stories.tsx","statementMap":{"0":{"start":{"line":5,"column":25},"end":{"line":7,"column":1}},"1":{"start":{"line":6,"column":2},"end":{"line":6,"column":29}}},"fnMap":{"0":{"name":"(anonymous_0)","decl":{"start":{"line":5,"column":25},"end":{"line":5,"column":26}},"loc":{"start":{"line":5,"column":31},"end":{"line":7,"column":1}},"line":5}},"branchMap":{},"s":{"0":0,"1":0},"f":{"0":0},"b":{}}
,"/Users/vmccrady/Documents/MultiverseClass/GamerPoints/GamerPointsApp/web/src/pages/Task/NewBonusTaskPage/NewBonusTaskPage.tsx": {"path":"/Users/vmccrady/Documents/MultiverseClass/GamerPoints/GamerPointsApp/web/src/pages/Task/NewBonusTaskPage/NewBonusTaskPage.tsx","statementMap":{"0":{"start":{"line":3,"column":25},"end":{"line":5,"column":1}},"1":{"start":{"line":4,"column":2},"end":{"line":4,"column":25}}},"fnMap":{"0":{"name":"(anonymous_0)","decl":{"start":{"line":3,"column":25},"end":{"line":3,"column":26}},"loc":{"start":{"line":3,"column":31},"end":{"line":5,"column":1}},"line":3}},"branchMap":{},"s":{"0":0,"1":0},"f":{"0":0},"b":{}}
}
